<?xml version="1.0" encoding="utf-8"?><testsuites name="pytest tests"><testsuite name="pytest" errors="0" failures="0" skipped="0" tests="18" time="5.248" timestamp="2026-05-16T04:34:39.104608+00:00" hostname="agent-env-a3d88f36-f144-431d-aa46-de3fd6b30a78"><testcase classname="backend.tests.test_coupons.TestAdminCouponCRUD" name="test_create_requires_auth" time="0.248" /><testcase classname="backend.tests.test_coupons.TestAdminCouponCRUD" name="test_list_requires_auth" time="0.131" /><testcase classname="backend.tests.test_coupons.TestAdminCouponCRUD" name="test_create_coupon_success" time="0.639" /><testcase classname="backend.tests.test_coupons.TestAdminCouponCRUD" name="test_create_duplicate_code" time="0.300" /><testcase classname="backend.tests.test_coupons.TestAdminCouponCRUD" name="test_list_sorted_desc" time="0.387" /><testcase classname="backend.tests.test_coupons.TestAdminCouponCRUD" name="test_update_coupon" time="0.332" /><testcase classname="backend.tests.test_coupons.TestAdminCouponCRUD" name="test_delete_coupon" time="0.240" /><testcase classname="backend.tests.test_coupons.TestAdminCouponCRUD" name="test_delete_requires_auth" time="0.229" /><testcase classname="backend.tests.test_coupons.TestPublicCouponValidate" name="test_valid_coupon_returns_discount" time="0.210" /><testcase classname="backend.tests.test_coupons.TestPublicCouponValidate" name="test_invalid_coupon_code" time="0.112" /><testcase classname="backend.tests.test_coupons.TestPublicCouponValidate" name="test_inactive_coupon" time="0.259" /><testcase classname="backend.tests.test_coupons.TestPublicCouponValidate" name="test_all_discounted_cart_rejects" time="0.213" /><testcase classname="backend.tests.test_coupons.TestPublicCouponValidate" name="test_min_purchase_not_met" time="0.234" /><testcase classname="backend.tests.test_coupons.TestPublicCouponValidate" name="test_expired_coupon" time="0.219" /><testcase classname="backend.tests.test_coupons.TestPublicCouponValidate" name="test_usage_limit_reached" time="0.218" /><testcase classname="backend.tests.test_coupons.TestPublicCouponValidate" name="test_mixed_cart_discount_only_on_non_discounted" time="0.211" /><testcase classname="backend.tests.test_coupons.TestCheckoutWithCoupon" name="test_checkout_with_valid_coupon_persists_discount" time="0.796" /><testcase classname="backend.tests.test_coupons.TestCheckoutWithCoupon" name="test_checkout_with_invalid_coupon_rejects" time="0.117" /></testsuite></testsuites>