<?xml version="1.0" encoding="utf-8"?><testsuites name="pytest tests"><testsuite name="pytest" errors="0" failures="1" skipped="0" tests="14" time="8.950" timestamp="2026-05-16T04:16:20.379300+00:00" hostname="agent-env-a3d88f36-f144-431d-aa46-de3fd6b30a78"><testcase classname="backend.tests.test_admin_security.TestMultiAdminLogin" name="test_admin1_login_success" time="0.409" /><testcase classname="backend.tests.test_admin_security.TestMultiAdminLogin" name="test_admin2_login_success" time="0.348" /><testcase classname="backend.tests.test_admin_security.TestMultiAdminLogin" name="test_old_admin_removed" time="0.119" /><testcase classname="backend.tests.test_admin_security.TestMultiAdminLogin" name="test_wrong_password_generic_error" time="0.338" /><testcase classname="backend.tests.test_admin_security.TestMultiAdminLogin" name="test_nonexistent_email_same_error" time="0.117"><failure message="assert 422 == 401&#10; +  where 422 = &lt;Response [422]&gt;.status_code">backend/tests/test_admin_security.py:85: in test_nonexistent_email_same_error
    assert r.status_code == 401
E   assert 422 == 401
E    +  where 422 = &lt;Response [422]&gt;.status_code</failure></testcase><testcase classname="backend.tests.test_admin_security.TestBruteForce" name="test_lockout_after_5_failures" time="1.977" /><testcase classname="backend.tests.test_admin_security.TestAuditLog" name="test_audit_log_requires_auth" time="0.173" /><testcase classname="backend.tests.test_admin_security.TestAuditLog" name="test_audit_log_returns_attempts_sorted_desc" time="0.794" /><testcase classname="backend.tests.test_admin_security.TestChangePassword" name="test_wrong_current_password_rejected" time="0.677" /><testcase classname="backend.tests.test_admin_security.TestChangePassword" name="test_change_password_then_restore" time="2.192" /><testcase classname="backend.tests.test_admin_security.TestLogout" name="test_logout_clears_cookie" time="0.383" /><testcase classname="backend.tests.test_admin_security.TestGuestCheckoutStillWorks" name="test_guest_can_create_checkout" time="0.667" /><testcase classname="backend.tests.test_admin_security.TestAdminGuards" name="test_pending_count_requires_admin" time="0.110" /><testcase classname="backend.tests.test_admin_security.TestAdminGuards" name="test_pending_count_with_admin" time="0.475" /></testsuite></testsuites>