<?xml version="1.0" encoding="utf-8"?><testsuites name="pytest tests"><testsuite name="pytest" errors="0" failures="0" skipped="0" tests="18" time="4.785" timestamp="2026-05-16T03:48:41.403263+00:00" hostname="agent-env-a3d88f36-f144-431d-aa46-de3fd6b30a78"><testcase classname="backend.tests.test_guest_checkout" name="test_products_public" time="0.241" /><testcase classname="backend.tests.test_guest_checkout" name="test_messages_public" time="0.060" /><testcase classname="backend.tests.test_guest_checkout" name="test_admin_login_works" time="0.278" /><testcase classname="backend.tests.test_guest_checkout" name="test_auth_me_admin" time="0.341" /><testcase classname="backend.tests.test_guest_checkout" name="test_checkout_guest_success" time="0.631" /><testcase classname="backend.tests.test_guest_checkout" name="test_checkout_empty_cart" time="0.052" /><testcase classname="backend.tests.test_guest_checkout" name="test_checkout_invalid_product" time="0.053" /><testcase classname="backend.tests.test_guest_checkout" name="test_checkout_invalid_email" time="0.054" /><testcase classname="backend.tests.test_guest_checkout" name="test_checkout_no_auth_required" time="0.546" /><testcase classname="backend.tests.test_guest_checkout" name="test_order_status_public" time="0.759" /><testcase classname="backend.tests.test_guest_checkout" name="test_order_status_not_found" time="0.056" /><testcase classname="backend.tests.test_guest_checkout" name="test_orders_mine_removed" time="0.054" /><testcase classname="backend.tests.test_guest_checkout" name="test_admin_pending_count_requires_auth" time="0.185" /><testcase classname="backend.tests.test_guest_checkout" name="test_admin_pending_count_returns_count" time="0.117" /><testcase classname="backend.tests.test_guest_checkout" name="test_admin_orders_lists_guest_fields" time="0.479" /><testcase classname="backend.tests.test_guest_checkout" name="test_admin_orders_requires_auth" time="0.146" /><testcase classname="backend.tests.test_guest_checkout" name="test_admin_customers_aggregated" time="0.472" /><testcase classname="backend.tests.test_guest_checkout" name="test_admin_customers_requires_auth" time="0.108" /></testsuite></testsuites>