<?xml version="1.0" encoding="utf-8"?><testsuites name="pytest tests"><testsuite name="pytest" errors="0" failures="0" skipped="0" tests="16" time="3.862" timestamp="2026-05-03T00:33:27.168416+00:00" hostname="agent-env-a3d88f36-f144-431d-aa46-de3fd6b30a78"><testcase classname="backend.tests.backend_test" name="test_list_products_seeded" time="0.187" /><testcase classname="backend.tests.backend_test" name="test_get_product_by_id" time="0.115" /><testcase classname="backend.tests.backend_test" name="test_get_product_404" time="0.062" /><testcase classname="backend.tests.backend_test" name="test_filter_products_featured" time="0.054" /><testcase classname="backend.tests.backend_test" name="test_login_invalid" time="0.282" /><testcase classname="backend.tests.backend_test" name="test_register_duplicate" time="0.332" /><testcase classname="backend.tests.backend_test" name="test_me_endpoint" time="0.052" /><testcase classname="backend.tests.backend_test" name="test_me_unauthenticated" time="0.103" /><testcase classname="backend.tests.backend_test" name="test_customer_cannot_create_product" time="0.082" /><testcase classname="backend.tests.backend_test" name="test_admin_product_crud" time="0.581" /><testcase classname="backend.tests.backend_test" name="test_admin_endpoints_require_admin" time="0.378" /><testcase classname="backend.tests.backend_test" name="test_admin_endpoints_work" time="0.223" /><testcase classname="backend.tests.backend_test" name="test_checkout_requires_auth" time="0.105" /><testcase classname="backend.tests.backend_test" name="test_checkout_empty_cart" time="0.053" /><testcase classname="backend.tests.backend_test" name="test_checkout_creates_stripe_session" time="1.067" /><testcase classname="backend.tests.backend_test" name="test_orders_mine_requires_auth" time="0.102" /></testsuite></testsuites>